<?xml version="1.0" encoding="UTF-8"?>
<testsuite xmlns:xsi="http://www.w3.org/2001/XMLSchema-instance" xsi:noNamespaceSchemaLocation="https://maven.apache.org/surefire/maven-surefire-plugin/xsd/surefire-test-report-3.0.xsd" version="3.0" name="ar.edu.unahur.obj2.w2j.DronTest" time="0.179" tests="9" errors="0" skipped="0" failures="0">
  <properties>
[...]
</properties>
  <testcase name="dronComercialNoEsAvanzadoPorTipoPeroSiPorMisionTransporteConAltaAutonomia" classname="ar.edu.unahur.obj2.w2j.DronTest" time="0.078"/>
  <testcase name="enMisionExploracionEsAvanzadoSiLaEficienciaEsPar" classname="ar.edu.unahur.obj2.w2j.DronTest" time="0.003"/>
  <testcase name="laEficienciaEnMisionTransporteEsAutonomiaPorDiezMasCien" classname="ar.edu.unahur.obj2.w2j.DronTest" time="0.006"/>
  <testcase name="enMisionVigilanciaEsAvanzadoSiTodosLosSensoresSonDuraderos" classname="ar.edu.unahur.obj2.w2j.DronTest" time="0.003"/>
  <testcase name="unDronComercialSumaQuinceUnidadesExtra" classname="ar.edu.unahur.obj2.w2j.DronTest" time="0.002"/>
  <testcase name="dronSeguridadEsAvanzadoSiNivelProcesamientoSuperaCincuenta" classname="ar.edu.unahur.obj2.w2j.DronTest" time="0.002"/>
  <testcase name="unSensorEsDuraderoSiSuDurabilidadSuperaAlDobleDeSuCapacidad" classname="ar.edu.unahur.obj2.w2j.DronTest" time="0.001"/>
  <testcase name="laMisionVigilanciaSumaLaEficienciaDeLosSensores" classname="ar.edu.unahur.obj2.w2j.DronTest" time="0.003"/>
  <testcase name="unDronPuedeCambiarDeMisionSiSeReprograma" classname="ar.edu.unahur.obj2.w2j.DronTest" time="0.003"/>
</testsuite>